# JRE version: OpenJDK Runtime Environment (16.0.2+7) (build 16.0.2+7)
# Java VM: OpenJDK 64-Bit Server VM (16.0.2+7, mixed mode, tiered, compressed oops, compressed class ptrs, parallel gc, linux-amd64)
GC Precious Log:
 CPUs: 32 total, 32 available
 Memory: 64218M
 Large Page Support: Disabled
 NUMA Support: Disabled
 Compressed Oops: Enabled (32-bit)
 Alignments: Space 512K, Generation 512K, Heap 2M
 Heap Min Capacity: 100M
 Heap Initial Capacity: 100M
 Heap Max Capacity: 1G
 Pre-touch: Disabled
 Parallel Workers: 23
Heap:
 PSYoungGen      total 2560K, used 688K [0x00000000eab00000, 0x00000000eae80000, 0x0000000100000000)
  eden space 1536K, 0% used [0x00000000eab00000,0x00000000eab00000,0x00000000eac80000)
  from space 1024K, 67% used [0x00000000eac80000,0x00000000ead2c010,0x00000000ead80000)
  to   space 1024K, 0% used [0x00000000ead80000,0x00000000ead80000,0x00000000eae80000)
 ParOldGen       total 171520K, used 171288K [0x00000000c0000000, 0x00000000ca780000, 0x00000000eab00000)
  object space 171520K, 99% used [0x00000000c0000000,0x00000000ca746038,0x00000000ca780000)
 Metaspace       used 87047K, committed 87872K, reserved 1130496K
  class space    used 8144K, committed 8512K, reserved 1048576K
GC Heap History (20 events):
Event: 32365.996 GC heap after
{Heap after GC invocations=6422 (full 185):
 PSYoungGen      total 3072K, used 384K [0x00000000eab00000, 0x00000000eaf00000, 0x0000000100000000)
  eden space 2560K, 0% used [0x00000000eab00000,0x00000000eab00000,0x00000000ead80000)
  from space 512K, 75% used [0x00000000eae80000,0x00000000eaee0000,0x00000000eaf00000)
  to   space 512K, 0% used [0x00000000eae00000,0x00000000eae00000,0x00000000eae80000)
 ParOldGen       total 171520K, used 168770K [0x00000000c0000000, 0x00000000ca780000, 0x00000000eab00000)
  object space 171520K, 98% used [0x00000000c0000000,0x00000000ca4d0b20,0x00000000ca780000)
 Metaspace       used 87047K, committed 87872K, reserved 1130496K
  class space    used 8144K, committed 8512K, reserved 1048576K
}
Event: 32366.002 GC heap before
{Heap before GC invocations=6423 (full 185):
 PSYoungGen      total 3072K, used 2938K [0x00000000eab00000, 0x00000000eaf00000, 0x0000000100000000)
  eden space 2560K, 99% used [0x00000000eab00000,0x00000000ead7e890,0x00000000ead80000)
  from space 512K, 75% used [0x00000000eae80000,0x00000000eaee0000,0x00000000eaf00000)
  to   space 512K, 0% used [0x00000000eae00000,0x00000000eae00000,0x00000000eae80000)
 ParOldGen       total 171520K, used 168770K [0x00000000c0000000, 0x00000000ca780000, 0x00000000eab00000)
  object space 171520K, 98% used [0x00000000c0000000,0x00000000ca4d0b20,0x00000000ca780000)
 Metaspace       used 87047K, committed 87872K, reserved 1130496K
  class space    used 8144K, committed 8512K, reserved 1048576K
}
Event: 32366.003 GC heap after
{Heap after GC invocations=6423 (full 185):
 PSYoungGen      total 3072K, used 512K [0x00000000eab00000, 0x00000000eaf80000, 0x0000000100000000)
  eden space 2560K, 0% used [0x00000000eab00000,0x00000000eab00000,0x00000000ead80000)
  from space 512K, 100% used [0x00000000eae00000,0x00000000eae80000,0x00000000eae80000)
  to   space 1024K, 0% used [0x00000000eae80000,0x00000000eae80000,0x00000000eaf80000)
 ParOldGen       total 171520K, used 169085K [0x00000000c0000000, 0x00000000ca780000, 0x00000000eab00000)
  object space 171520K, 98% used [0x00000000c0000000,0x00000000ca51f460,0x00000000ca780000)
 Metaspace       used 87047K, committed 87872K, reserved 1130496K
  class space    used 8144K, committed 8512K, reserved 1048576K
}
Event: 32366.445 GC heap before
{Heap before GC invocations=6424 (full 185):
 PSYoungGen      total 3072K, used 3060K [0x00000000eab00000, 0x00000000eaf80000, 0x0000000100000000)
  eden space 2560K, 99% used [0x00000000eab00000,0x00000000ead7d188,0x00000000ead80000)
  from space 512K, 100% used [0x00000000eae00000,0x00000000eae80000,0x00000000eae80000)
  to   space 1024K, 0% used [0x00000000eae80000,0x00000000eae80000,0x00000000eaf80000)
 ParOldGen       total 171520K, used 169085K [0x00000000c0000000, 0x00000000ca780000, 0x00000000eab00000)
  object space 171520K, 98% used [0x00000000c0000000,0x00000000ca51f460,0x00000000ca780000)
 Metaspace       used 87047K, committed 87872K, reserved 1130496K
  class space    used 8144K, committed 8512K, reserved 1048576K
}
Event: 32366.446 GC heap after
{Heap after GC invocations=6424 (full 185):
 PSYoungGen      total 3072K, used 320K [0x00000000eab00000, 0x00000000eaf00000, 0x0000000100000000)
  eden space 2560K, 0% used [0x00000000eab00000,0x00000000eab00000,0x00000000ead80000)
  from space 512K, 62% used [0x00000000eae80000,0x00000000eaed0000,0x00000000eaf00000)
  to   space 512K, 0% used [0x00000000eae00000,0x00000000eae00000,0x00000000eae80000)
 ParOldGen       total 171520K, used 169524K [0x00000000c0000000, 0x00000000ca780000, 0x00000000eab00000)
  object space 171520K, 98% used [0x00000000c0000000,0x00000000ca58d180,0x00000000ca780000)
 Metaspace       used 87047K, committed 87872K, reserved 1130496K
  class space    used 8144K, committed 8512K, reserved 1048576K
}
Event: 32366.451 GC heap before
{Heap before GC invocations=6425 (full 185):
 PSYoungGen      total 3072K, used 2879K [0x00000000eab00000, 0x00000000eaf00000, 0x0000000100000000)
  eden space 2560K, 99% used [0x00000000eab00000,0x00000000ead7fff0,0x00000000ead80000)
  from space 512K, 62% used [0x00000000eae80000,0x00000000eaed0000,0x00000000eaf00000)
  to   space 512K, 0% used [0x00000000eae00000,0x00000000eae00000,0x00000000eae80000)
 ParOldGen       total 171520K, used 169524K [0x00000000c0000000, 0x00000000ca780000, 0x00000000eab00000)
  object space 171520K, 98% used [0x00000000c0000000,0x00000000ca58d180,0x00000000ca780000)
 Metaspace       used 87047K, committed 87872K, reserved 1130496K
  class space    used 8144K, committed 8512K, reserved 1048576K
}
Event: 32366.452 GC heap after
{Heap after GC invocations=6425 (full 185):
 PSYoungGen      total 3072K, used 448K [0x00000000eab00000, 0x00000000eaf00000, 0x0000000100000000)
  eden space 2560K, 0% used [0x00000000eab00000,0x00000000eab00000,0x00000000ead80000)
  from space 512K, 87% used [0x00000000eae00000,0x00000000eae70000,0x00000000eae80000)
  to   space 512K, 0% used [0x00000000eae80000,0x00000000eae80000,0x00000000eaf00000)
 ParOldGen       total 171520K, used 169596K [0x00000000c0000000, 0x00000000ca780000, 0x00000000eab00000)
  object space 171520K, 98% used [0x00000000c0000000,0x00000000ca59f180,0x00000000ca780000)
 Metaspace       used 87047K, committed 87872K, reserved 1130496K
  class space    used 8144K, committed 8512K, reserved 1048576K
}
Event: 32366.457 GC heap before
{Heap before GC invocations=6426 (full 185):
 PSYoungGen      total 3072K, used 3008K [0x00000000eab00000, 0x00000000eaf00000, 0x0000000100000000)
  eden space 2560K, 100% used [0x00000000eab00000,0x00000000ead80000,0x00000000ead80000)
  from space 512K, 87% used [0x00000000eae00000,0x00000000eae70000,0x00000000eae80000)
  to   space 512K, 0% used [0x00000000eae80000,0x00000000eae80000,0x00000000eaf00000)
 ParOldGen       total 171520K, used 169596K [0x00000000c0000000, 0x00000000ca780000, 0x00000000eab00000)
  object space 171520K, 98% used [0x00000000c0000000,0x00000000ca59f180,0x00000000ca780000)
 Metaspace       used 87047K, committed 87872K, reserved 1130496K
  class space    used 8144K, committed 8512K, reserved 1048576K
}
Event: 32366.457 GC heap after
{Heap after GC invocations=6426 (full 185):
 PSYoungGen      total 3072K, used 496K [0x00000000eab00000, 0x00000000eaf80000, 0x0000000100000000)
  eden space 2560K, 0% used [0x00000000eab00000,0x00000000eab00000,0x00000000ead80000)
  from space 512K, 96% used [0x00000000eae80000,0x00000000eaefc010,0x00000000eaf00000)
  to   space 1024K, 0% used [0x00000000ead80000,0x00000000ead80000,0x00000000eae80000)
 ParOldGen       total 171520K, used 169644K [0x00000000c0000000, 0x00000000ca780000, 0x00000000eab00000)
  object space 171520K, 98% used [0x00000000c0000000,0x00000000ca5ab180,0x00000000ca780000)
 Metaspace       used 87047K, committed 87872K, reserved 1130496K
  class space    used 8144K, committed 8512K, reserved 1048576K
}
Event: 32366.468 GC heap before
{Heap before GC invocations=6427 (full 185):
 PSYoungGen      total 3072K, used 3056K [0x00000000eab00000, 0x00000000eaf80000, 0x0000000100000000)
  eden space 2560K, 100% used [0x00000000eab00000,0x00000000ead80000,0x00000000ead80000)
  from space 512K, 96% used [0x00000000eae80000,0x00000000eaefc010,0x00000000eaf00000)
  to   space 1024K, 0% used [0x00000000ead80000,0x00000000ead80000,0x00000000eae80000)
 ParOldGen       total 171520K, used 169644K [0x00000000c0000000, 0x00000000ca780000, 0x00000000eab00000)
  object space 171520K, 98% used [0x00000000c0000000,0x00000000ca5ab180,0x00000000ca780000)
 Metaspace       used 87047K, committed 87872K, reserved 1130496K
  class space    used 8144K, committed 8512K, reserved 1048576K
}
Event: 32366.468 GC heap after
{Heap after GC invocations=6427 (full 185):
 PSYoungGen      total 3584K, used 656K [0x00000000eab00000, 0x00000000eaf80000, 0x0000000100000000)
  eden space 2560K, 0% used [0x00000000eab00000,0x00000000eab00000,0x00000000ead80000)
  from space 1024K, 64% used [0x00000000ead80000,0x00000000eae24010,0x00000000eae80000)
  to   space 1024K, 0% used [0x00000000eae80000,0x00000000eae80000,0x00000000eaf80000)
 ParOldGen       total 171520K, used 169985K [0x00000000c0000000, 0x00000000ca780000, 0x00000000eab00000)
  object space 171520K, 99% used [0x00000000c0000000,0x00000000ca600620,0x00000000ca780000)
 Metaspace       used 87047K, committed 87872K, reserved 1130496K
  class space    used 8144K, committed 8512K, reserved 1048576K
}
Event: 32366.481 GC heap before
{Heap before GC invocations=6428 (full 185):
 PSYoungGen      total 3584K, used 3216K [0x00000000eab00000, 0x00000000eaf80000, 0x0000000100000000)
  eden space 2560K, 100% used [0x00000000eab00000,0x00000000ead80000,0x00000000ead80000)
  from space 1024K, 64% used [0x00000000ead80000,0x00000000eae24010,0x00000000eae80000)
  to   space 1024K, 0% used [0x00000000eae80000,0x00000000eae80000,0x00000000eaf80000)
 ParOldGen       total 171520K, used 169985K [0x00000000c0000000, 0x00000000ca780000, 0x00000000eab00000)
  object space 171520K, 99% used [0x00000000c0000000,0x00000000ca600620,0x00000000ca780000)
 Metaspace       used 87047K, committed 87872K, reserved 1130496K
  class space    used 8144K, committed 8512K, reserved 1048576K
}
Event: 32366.482 GC heap after
{Heap after GC invocations=6428 (full 185):
 PSYoungGen      total 2560K, used 1008K [0x00000000eab00000, 0x00000000eb180000, 0x0000000100000000)
  eden space 1536K, 0% used [0x00000000eab00000,0x00000000eab00000,0x00000000eac80000)
  from space 1024K, 98% used [0x00000000eae80000,0x00000000eaf7c010,0x00000000eaf80000)
  to   space 2048K, 0% used [0x00000000eac80000,0x00000000eac80000,0x00000000eae80000)
 ParOldGen       total 171520K, used 170439K [0x00000000c0000000, 0x00000000ca780000, 0x00000000eab00000)
  object space 171520K, 99% used [0x00000000c0000000,0x00000000ca671da0,0x00000000ca780000)
 Metaspace       used 87047K, committed 87872K, reserved 1130496K
  class space    used 8144K, committed 8512K, reserved 1048576K
}
Event: 32366.490 GC heap before
{Heap before GC invocations=6429 (full 185):
 PSYoungGen      total 2560K, used 2544K [0x00000000eab00000, 0x00000000eb180000, 0x0000000100000000)
  eden space 1536K, 100% used [0x00000000eab00000,0x00000000eac80000,0x00000000eac80000)
  from space 1024K, 98% used [0x00000000eae80000,0x00000000eaf7c010,0x00000000eaf80000)
  to   space 2048K, 0% used [0x00000000eac80000,0x00000000eac80000,0x00000000eae80000)
 ParOldGen       total 171520K, used 170439K [0x00000000c0000000, 0x00000000ca780000, 0x00000000eab00000)
  object space 171520K, 99% used [0x00000000c0000000,0x00000000ca671da0,0x00000000ca780000)
 Metaspace       used 87047K, committed 87872K, reserved 1130496K
  class space    used 8144K, committed 8512K, reserved 1048576K
}
Event: 32366.491 GC heap after
{Heap after GC invocations=6429 (full 185):
 PSYoungGen      total 2560K, used 624K [0x00000000eab00000, 0x00000000eaf00000, 0x0000000100000000)
  eden space 1536K, 0% used [0x00000000eab00000,0x00000000eab00000,0x00000000eac80000)
  from space 1024K, 60% used [0x00000000eac80000,0x00000000ead1c010,0x00000000ead80000)
  to   space 1024K, 0% used [0x00000000eae00000,0x00000000eae00000,0x00000000eaf00000)
 ParOldGen       total 171520K, used 170858K [0x00000000c0000000, 0x00000000ca780000, 0x00000000eab00000)
  object space 171520K, 99% used [0x00000000c0000000,0x00000000ca6dab98,0x00000000ca780000)
 Metaspace       used 87047K, committed 87872K, reserved 1130496K
  class space    used 8144K, committed 8512K, reserved 1048576K
}
Event: 32366.495 GC heap before
{Heap before GC invocations=6430 (full 185):
 PSYoungGen      total 2560K, used 2160K [0x00000000eab00000, 0x00000000eaf00000, 0x0000000100000000)
  eden space 1536K, 100% used [0x00000000eab00000,0x00000000eac80000,0x00000000eac80000)
  from space 1024K, 60% used [0x00000000eac80000,0x00000000ead1c010,0x00000000ead80000)
  to   space 1024K, 0% used [0x00000000eae00000,0x00000000eae00000,0x00000000eaf00000)
 ParOldGen       total 171520K, used 170858K [0x00000000c0000000, 0x00000000ca780000, 0x00000000eab00000)
  object space 171520K, 99% used [0x00000000c0000000,0x00000000ca6dab98,0x00000000ca780000)
 Metaspace       used 87047K, committed 87872K, reserved 1130496K
  class space    used 8144K, committed 8512K, reserved 1048576K
}
Event: 32366.496 GC heap after
{Heap after GC invocations=6430 (full 185):
 PSYoungGen      total 2560K, used 688K [0x00000000eab00000, 0x00000000eaf00000, 0x0000000100000000)
  eden space 1536K, 0% used [0x00000000eab00000,0x00000000eab00000,0x00000000eac80000)
  from space 1024K, 67% used [0x00000000eae00000,0x00000000eaeac010,0x00000000eaf00000)
  to   space 1024K, 0% used [0x00000000eac80000,0x00000000eac80000,0x00000000ead80000)
 ParOldGen       total 171520K, used 170898K [0x00000000c0000000, 0x00000000ca780000, 0x00000000eab00000)
  object space 171520K, 99% used [0x00000000c0000000,0x00000000ca6e4b98,0x00000000ca780000)
 Metaspace       used 87047K, committed 87872K, reserved 1130496K
  class space    used 8144K, committed 8512K, reserved 1048576K
}
Event: 32366.499 GC heap before
{Heap before GC invocations=6431 (full 185):
 PSYoungGen      total 2560K, used 2224K [0x00000000eab00000, 0x00000000eaf00000, 0x0000000100000000)
  eden space 1536K, 100% used [0x00000000eab00000,0x00000000eac80000,0x00000000eac80000)
  from space 1024K, 67% used [0x00000000eae00000,0x00000000eaeac010,0x00000000eaf00000)
  to   space 1024K, 0% used [0x00000000eac80000,0x00000000eac80000,0x00000000ead80000)
 ParOldGen       total 171520K, used 170898K [0x00000000c0000000, 0x00000000ca780000, 0x00000000eab00000)
  object space 171520K, 99% used [0x00000000c0000000,0x00000000ca6e4b98,0x00000000ca780000)
 Metaspace       used 87047K, committed 87872K, reserved 1130496K
  class space    used 8144K, committed 8512K, reserved 1048576K
}
Event: 32366.500 GC heap after
{Heap after GC invocations=6431 (full 185):
 PSYoungGen      total 2560K, used 688K [0x00000000eab00000, 0x00000000eae80000, 0x0000000100000000)
  eden space 1536K, 0% used [0x00000000eab00000,0x00000000eab00000,0x00000000eac80000)
  from space 1024K, 67% used [0x00000000eac80000,0x00000000ead2c010,0x00000000ead80000)
  to   space 1024K, 0% used [0x00000000ead80000,0x00000000ead80000,0x00000000eae80000)
 ParOldGen       total 171520K, used 171288K [0x00000000c0000000, 0x00000000ca780000, 0x00000000eab00000)
  object space 171520K, 99% used [0x00000000c0000000,0x00000000ca746038,0x00000000ca780000)
 Metaspace       used 87047K, committed 87872K, reserved 1130496K
  class space    used 8144K, committed 8512K, reserved 1048576K
}
Event: 32366.500 GC heap before
{Heap before GC invocations=6432 (full 186):
 PSYoungGen      total 2560K, used 688K [0x00000000eab00000, 0x00000000eae80000, 0x0000000100000000)
  eden space 1536K, 0% used [0x00000000eab00000,0x00000000eab00000,0x00000000eac80000)
  from space 1024K, 67% used [0x00000000eac80000,0x00000000ead2c010,0x00000000ead80000)
  to   space 1024K, 0% used [0x00000000ead80000,0x00000000ead80000,0x00000000eae80000)
 ParOldGen       total 171520K, used 171288K [0x00000000c0000000, 0x00000000ca780000, 0x00000000eab00000)
  object space 171520K, 99% used [0x00000000c0000000,0x00000000ca746038,0x00000000ca780000)
 Metaspace       used 87047K, committed 87872K, reserved 1130496K
  class space    used 8144K, committed 8512K, reserved 1048576K
}

